Analysis & Synthesis report for qrs
Sat Jun 30 19:13:18 2018
Quartus Prime Version 17.1.0 Build 590 10/25/2017 SJ Lite Edition


---------------------
; Table of Contents ;
---------------------
  1. Legal Notice
  2. Analysis & Synthesis Summary
  3. Analysis & Synthesis Settings
  4. Parallel Compilation
  5. Analysis & Synthesis Source Files Read
  6. Analysis & Synthesis Resource Usage Summary
  7. Analysis & Synthesis Resource Utilization by Entity
  8. Analysis & Synthesis RAM Summary
  9. Analysis & Synthesis DSP Block Usage Summary
 10. Registers Removed During Synthesis
 11. General Register Statistics
 12. Registers Packed Into Inferred Megafunctions
 13. Source assignments for dfh:A16|altshift_taps:d15_rtl_0|shift_taps_e0v:auto_generated|altsyncram_ru91:altsyncram5
 14. Parameter Settings for Inferred Entity Instance: dfh:A16|altshift_taps:d15_rtl_0
 15. Parameter Settings for Inferred Entity Instance: lpm_divide:Div0
 16. altshift_taps Parameter Settings by Entity Instance
 17. Post-Synthesis Netlist Statistics for Top Partition
 18. Elapsed Time Per Partition
 19. Analysis & Synthesis Messages
 20. Analysis & Synthesis Suppressed Messages



----------------
; Legal Notice ;
----------------
Copyright (C) 2017  Intel Corporation. All rights reserved.
Your use of Intel Corporation's design tools, logic functions 
and other software and tools, and its AMPP partner logic 
functions, and any output files from any of the foregoing 
(including device programming or simulation files), and any 
associated documentation or information are expressly subject 
to the terms and conditions of the Intel Program License 
Subscription Agreement, the Intel Quartus Prime License Agreement,
the Intel FPGA IP License Agreement, or other applicable license
agreement, including, without limitation, that your use is for
the sole purpose of programming logic devices manufactured by
Intel and sold by Intel or its authorized distributors.  Please
refer to the applicable agreement for further details.



+-------------------------------------------------------------------------------+
; Analysis & Synthesis Summary                                                  ;
+---------------------------------+---------------------------------------------+
; Analysis & Synthesis Status     ; Successful - Sat Jun 30 19:13:18 2018       ;
; Quartus Prime Version           ; 17.1.0 Build 590 10/25/2017 SJ Lite Edition ;
; Revision Name                   ; qrs                                         ;
; Top-level Entity Name           ; qrs                                         ;
; Family                          ; Cyclone V                                   ;
; Logic utilization (in ALMs)     ; N/A                                         ;
; Total registers                 ; 391                                         ;
; Total pins                      ; 161                                         ;
; Total virtual pins              ; 0                                           ;
; Total block memory bits         ; 496                                         ;
; Total DSP Blocks                ; 1                                           ;
; Total HSSI RX PCSs              ; 0                                           ;
; Total HSSI PMA RX Deserializers ; 0                                           ;
; Total HSSI TX PCSs              ; 0                                           ;
; Total HSSI PMA TX Serializers   ; 0                                           ;
; Total PLLs                      ; 0                                           ;
; Total DLLs                      ; 0                                           ;
+---------------------------------+---------------------------------------------+


+---------------------------------------------------------------------------------------------------------------------------+
; Analysis & Synthesis Settings                                                                                             ;
+---------------------------------------------------------------------------------+--------------------+--------------------+
; Option                                                                          ; Setting            ; Default Value      ;
+---------------------------------------------------------------------------------+--------------------+--------------------+
; Device                                                                          ; 5CGXFC7C6U19C6     ;                    ;
; Top-level entity name                                                           ; qrs                ; qrs                ;
; Family name                                                                     ; Cyclone V          ; Cyclone V          ;
; Use smart compilation                                                           ; Off                ; Off                ;
; Enable parallel Assembler and TimeQuest Timing Analyzer during compilation      ; On                 ; On                 ;
; Enable compact report table                                                     ; Off                ; Off                ;
; Restructure Multiplexers                                                        ; Auto               ; Auto               ;
; MLAB Add Timing Constraints For Mixed-Port Feed-Through Mode Setting Don't Care ; Off                ; Off                ;
; Create Debugging Nodes for IP Cores                                             ; Off                ; Off                ;
; Preserve fewer node names                                                       ; On                 ; On                 ;
; Intel FPGA IP Evaluation Mode                                                   ; Enable             ; Enable             ;
; Verilog Version                                                                 ; Verilog_2001       ; Verilog_2001       ;
; VHDL Version                                                                    ; VHDL_1993          ; VHDL_1993          ;
; State Machine Processing                                                        ; Auto               ; Auto               ;
; Safe State Machine                                                              ; Off                ; Off                ;
; Extract Verilog State Machines                                                  ; On                 ; On                 ;
; Extract VHDL State Machines                                                     ; On                 ; On                 ;
; Ignore Verilog initial constructs                                               ; Off                ; Off                ;
; Iteration limit for constant Verilog loops                                      ; 5000               ; 5000               ;
; Iteration limit for non-constant Verilog loops                                  ; 250                ; 250                ;
; Add Pass-Through Logic to Inferred RAMs                                         ; On                 ; On                 ;
; Infer RAMs from Raw Logic                                                       ; On                 ; On                 ;
; Parallel Synthesis                                                              ; On                 ; On                 ;
; DSP Block Balancing                                                             ; Auto               ; Auto               ;
; NOT Gate Push-Back                                                              ; On                 ; On                 ;
; Power-Up Don't Care                                                             ; On                 ; On                 ;
; Remove Redundant Logic Cells                                                    ; Off                ; Off                ;
; Remove Duplicate Registers                                                      ; On                 ; On                 ;
; Ignore CARRY Buffers                                                            ; Off                ; Off                ;
; Ignore CASCADE Buffers                                                          ; Off                ; Off                ;
; Ignore GLOBAL Buffers                                                           ; Off                ; Off                ;
; Ignore ROW GLOBAL Buffers                                                       ; Off                ; Off                ;
; Ignore LCELL Buffers                                                            ; Off                ; Off                ;
; Ignore SOFT Buffers                                                             ; On                 ; On                 ;
; Limit AHDL Integers to 32 Bits                                                  ; Off                ; Off                ;
; Optimization Technique                                                          ; Balanced           ; Balanced           ;
; Carry Chain Length                                                              ; 70                 ; 70                 ;
; Auto Carry Chains                                                               ; On                 ; On                 ;
; Auto Open-Drain Pins                                                            ; On                 ; On                 ;
; Perform WYSIWYG Primitive Resynthesis                                           ; Off                ; Off                ;
; Auto ROM Replacement                                                            ; On                 ; On                 ;
; Auto RAM Replacement                                                            ; On                 ; On                 ;
; Auto DSP Block Replacement                                                      ; On                 ; On                 ;
; Auto Shift Register Replacement                                                 ; Auto               ; Auto               ;
; Allow Shift Register Merging across Hierarchies                                 ; Auto               ; Auto               ;
; Auto Clock Enable Replacement                                                   ; On                 ; On                 ;
; Strict RAM Replacement                                                          ; Off                ; Off                ;
; Allow Synchronous Control Signals                                               ; On                 ; On                 ;
; Force Use of Synchronous Clear Signals                                          ; Off                ; Off                ;
; Auto Resource Sharing                                                           ; Off                ; Off                ;
; Allow Any RAM Size For Recognition                                              ; Off                ; Off                ;
; Allow Any ROM Size For Recognition                                              ; Off                ; Off                ;
; Allow Any Shift Register Size For Recognition                                   ; Off                ; Off                ;
; Use LogicLock Constraints during Resource Balancing                             ; On                 ; On                 ;
; Ignore translate_off and synthesis_off directives                               ; Off                ; Off                ;
; Timing-Driven Synthesis                                                         ; On                 ; On                 ;
; Report Parameter Settings                                                       ; On                 ; On                 ;
; Report Source Assignments                                                       ; On                 ; On                 ;
; Report Connectivity Checks                                                      ; On                 ; On                 ;
; Ignore Maximum Fan-Out Assignments                                              ; Off                ; Off                ;
; Synchronization Register Chain Length                                           ; 3                  ; 3                  ;
; Power Optimization During Synthesis                                             ; Normal compilation ; Normal compilation ;
; HDL message level                                                               ; Level2             ; Level2             ;
; Suppress Register Optimization Related Messages                                 ; Off                ; Off                ;
; Number of Removed Registers Reported in Synthesis Report                        ; 5000               ; 5000               ;
; Number of Swept Nodes Reported in Synthesis Report                              ; 5000               ; 5000               ;
; Number of Inverted Registers Reported in Synthesis Report                       ; 100                ; 100                ;
; Clock MUX Protection                                                            ; On                 ; On                 ;
; Auto Gated Clock Conversion                                                     ; Off                ; Off                ;
; Block Design Naming                                                             ; Auto               ; Auto               ;
; SDC constraint protection                                                       ; Off                ; Off                ;
; Synthesis Effort                                                                ; Auto               ; Auto               ;
; Shift Register Replacement - Allow Asynchronous Clear Signal                    ; On                 ; On                 ;
; Pre-Mapping Resynthesis Optimization                                            ; Off                ; Off                ;
; Analysis & Synthesis Message Level                                              ; Medium             ; Medium             ;
; Disable Register Merging Across Hierarchies                                     ; Auto               ; Auto               ;
; Resource Aware Inference For Block RAM                                          ; On                 ; On                 ;
; Automatic Parallel Synthesis                                                    ; On                 ; On                 ;
; Partial Reconfiguration Bitstream ID                                            ; Off                ; Off                ;
+---------------------------------------------------------------------------------+--------------------+--------------------+


+------------------------------------------+
; Parallel Compilation                     ;
+----------------------------+-------------+
; Processors                 ; Number      ;
+----------------------------+-------------+
; Number detected on machine ; 8           ;
; Maximum allowed            ; 4           ;
;                            ;             ;
; Average used               ; 1.00        ;
; Maximum used               ; 4           ;
;                            ;             ;
; Usage by Processor         ; % Time Used ;
;     Processor 1            ; 100.0%      ;
;     Processor 2            ;   0.0%      ;
;     Processor 3            ;   0.0%      ;
;     Processor 4            ;   0.0%      ;
+----------------------------+-------------+


+-----------------------------------------------------------------------------------------------------------------------------------------------------------------------------+
; Analysis & Synthesis Source Files Read                                                                                                                                      ;
+----------------------------------+-----------------+------------------------------+-------------------------------------------------------------------------------+---------+
; File Name with User-Entered Path ; Used in Netlist ; File Type                    ; File Name with Absolute Path                                                  ; Library ;
+----------------------------------+-----------------+------------------------------+-------------------------------------------------------------------------------+---------+
; dfl.v                            ; yes             ; User Verilog HDL File        ; F:/Software/Quartus_code/qrs/dfl.v                                            ;         ;
; dflo.v                           ; yes             ; User Verilog HDL File        ; F:/Software/Quartus_code/qrs/dflo.v                                           ;         ;
; dfh.v                            ; yes             ; User Verilog HDL File        ; F:/Software/Quartus_code/qrs/dfh.v                                            ;         ;
; dfho.v                           ; yes             ; User Verilog HDL File        ; F:/Software/Quartus_code/qrs/dfho.v                                           ;         ;
; dfd.v                            ; yes             ; User Verilog HDL File        ; F:/Software/Quartus_code/qrs/dfd.v                                            ;         ;
; dfa.v                            ; yes             ; User Verilog HDL File        ; F:/Software/Quartus_code/qrs/dfa.v                                            ;         ;
; qrs.v                            ; yes             ; User Verilog HDL File        ; F:/Software/Quartus_code/qrs/qrs.v                                            ;         ;
; altshift_taps.tdf                ; yes             ; Megafunction                 ; f:/software/quartus_prime/quartus/libraries/megafunctions/altshift_taps.tdf   ;         ;
; altdpram.inc                     ; yes             ; Megafunction                 ; f:/software/quartus_prime/quartus/libraries/megafunctions/altdpram.inc        ;         ;
; lpm_counter.inc                  ; yes             ; Megafunction                 ; f:/software/quartus_prime/quartus/libraries/megafunctions/lpm_counter.inc     ;         ;
; lpm_compare.inc                  ; yes             ; Megafunction                 ; f:/software/quartus_prime/quartus/libraries/megafunctions/lpm_compare.inc     ;         ;
; lpm_constant.inc                 ; yes             ; Megafunction                 ; f:/software/quartus_prime/quartus/libraries/megafunctions/lpm_constant.inc    ;         ;
; db/shift_taps_e0v.tdf            ; yes             ; Auto-Generated Megafunction  ; F:/Software/Quartus_code/qrs/db/shift_taps_e0v.tdf                            ;         ;
; db/altsyncram_ru91.tdf           ; yes             ; Auto-Generated Megafunction  ; F:/Software/Quartus_code/qrs/db/altsyncram_ru91.tdf                           ;         ;
; db/cntr_cjf.tdf                  ; yes             ; Auto-Generated Megafunction  ; F:/Software/Quartus_code/qrs/db/cntr_cjf.tdf                                  ;         ;
; db/cmpr_d9c.tdf                  ; yes             ; Auto-Generated Megafunction  ; F:/Software/Quartus_code/qrs/db/cmpr_d9c.tdf                                  ;         ;
; lpm_divide.tdf                   ; yes             ; Megafunction                 ; f:/software/quartus_prime/quartus/libraries/megafunctions/lpm_divide.tdf      ;         ;
; abs_divider.inc                  ; yes             ; Megafunction                 ; f:/software/quartus_prime/quartus/libraries/megafunctions/abs_divider.inc     ;         ;
; sign_div_unsign.inc              ; yes             ; Megafunction                 ; f:/software/quartus_prime/quartus/libraries/megafunctions/sign_div_unsign.inc ;         ;
; aglobal171.inc                   ; yes             ; Megafunction                 ; f:/software/quartus_prime/quartus/libraries/megafunctions/aglobal171.inc      ;         ;
; db/lpm_divide_kbm.tdf            ; yes             ; Auto-Generated Megafunction  ; F:/Software/Quartus_code/qrs/db/lpm_divide_kbm.tdf                            ;         ;
; db/sign_div_unsign_qlh.tdf       ; yes             ; Auto-Generated Megafunction  ; F:/Software/Quartus_code/qrs/db/sign_div_unsign_qlh.tdf                       ;         ;
; db/alt_u_div_qve.tdf             ; yes             ; Auto-Generated Megafunction  ; F:/Software/Quartus_code/qrs/db/alt_u_div_qve.tdf                             ;         ;
+----------------------------------+-----------------+------------------------------+-------------------------------------------------------------------------------+---------+


+---------------------------------------------------------+
; Analysis & Synthesis Resource Usage Summary             ;
+---------------------------------------------+-----------+
; Resource                                    ; Usage     ;
+---------------------------------------------+-----------+
; Estimate of Logic utilization (ALMs needed) ; 231       ;
;                                             ;           ;
; Combinational ALUT usage for logic          ; 293       ;
;     -- 7 input functions                    ; 0         ;
;     -- 6 input functions                    ; 1         ;
;     -- 5 input functions                    ; 2         ;
;     -- 4 input functions                    ; 15        ;
;     -- <=3 input functions                  ; 275       ;
;                                             ;           ;
; Dedicated logic registers                   ; 391       ;
;                                             ;           ;
; I/O pins                                    ; 161       ;
; Total MLAB memory bits                      ; 0         ;
; Total block memory bits                     ; 496       ;
;                                             ;           ;
; Total DSP Blocks                            ; 1         ;
;                                             ;           ;
; Maximum fan-out node                        ; clk~input ;
; Maximum fan-out                             ; 407       ;
; Total fan-out                               ; 2129      ;
; Average fan-out                             ; 2.08      ;
+---------------------------------------------+-----------+


+------------------------------------------------------------------------------------------------------------------------------------------------------------------------------------------------------------------------------------------------------------------------------------------------+
; Analysis & Synthesis Resource Utilization by Entity                                                                                                                                                                                                                                            ;
+-------------------------------------------+---------------------+---------------------------+-------------------+------------+------+--------------+------------------------------------------------------------------------------------------------------+---------------------+--------------+
; Compilation Hierarchy Node                ; Combinational ALUTs ; Dedicated Logic Registers ; Block Memory Bits ; DSP Blocks ; Pins ; Virtual Pins ; Full Hierarchy Name                                                                                  ; Entity Name         ; Library Name ;
+-------------------------------------------+---------------------+---------------------------+-------------------+------------+------+--------------+------------------------------------------------------------------------------------------------------+---------------------+--------------+
; |qrs                                      ; 293 (180)           ; 391 (33)                  ; 496               ; 1          ; 161  ; 0            ; |qrs                                                                                                 ; qrs                 ; work         ;
;    |dfa:A51|                              ; 0 (0)               ; 16 (16)                   ; 0                 ; 0          ; 0    ; 0            ; |qrs|dfa:A51                                                                                         ; dfa                 ; work         ;
;    |dfa:A52|                              ; 0 (0)               ; 16 (16)                   ; 0                 ; 0          ; 0    ; 0            ; |qrs|dfa:A52                                                                                         ; dfa                 ; work         ;
;    |dfd:A47|                              ; 0 (0)               ; 16 (16)                   ; 0                 ; 0          ; 0    ; 0            ; |qrs|dfd:A47                                                                                         ; dfd                 ; work         ;
;    |dfd:A48|                              ; 0 (0)               ; 16 (16)                   ; 0                 ; 0          ; 0    ; 0            ; |qrs|dfd:A48                                                                                         ; dfd                 ; work         ;
;    |dfd:A49|                              ; 0 (0)               ; 16 (16)                   ; 0                 ; 0          ; 0    ; 0            ; |qrs|dfd:A49                                                                                         ; dfd                 ; work         ;
;    |dfd:A50|                              ; 0 (0)               ; 16 (16)                   ; 0                 ; 0          ; 0    ; 0            ; |qrs|dfd:A50                                                                                         ; dfd                 ; work         ;
;    |dfh:A15|                              ; 0 (0)               ; 16 (16)                   ; 0                 ; 0          ; 0    ; 0            ; |qrs|dfh:A15                                                                                         ; dfh                 ; work         ;
;    |dfh:A16|                              ; 16 (0)              ; 10 (0)                    ; 496               ; 0          ; 0    ; 0            ; |qrs|dfh:A16                                                                                         ; dfh                 ; work         ;
;       |altshift_taps:d15_rtl_0|           ; 16 (0)              ; 10 (0)                    ; 496               ; 0          ; 0    ; 0            ; |qrs|dfh:A16|altshift_taps:d15_rtl_0                                                                 ; altshift_taps       ; work         ;
;          |shift_taps_e0v:auto_generated|  ; 16 (9)              ; 10 (5)                    ; 496               ; 0          ; 0    ; 0            ; |qrs|dfh:A16|altshift_taps:d15_rtl_0|shift_taps_e0v:auto_generated                                   ; shift_taps_e0v      ; work         ;
;             |altsyncram_ru91:altsyncram5| ; 0 (0)               ; 0 (0)                     ; 496               ; 0          ; 0    ; 0            ; |qrs|dfh:A16|altshift_taps:d15_rtl_0|shift_taps_e0v:auto_generated|altsyncram_ru91:altsyncram5       ; altsyncram_ru91     ; work         ;
;             |cntr_cjf:cntr1|              ; 7 (7)               ; 5 (5)                     ; 0                 ; 0          ; 0    ; 0            ; |qrs|dfh:A16|altshift_taps:d15_rtl_0|shift_taps_e0v:auto_generated|cntr_cjf:cntr1                    ; cntr_cjf            ; work         ;
;    |dfho:B3|                              ; 0 (0)               ; 16 (16)                   ; 0                 ; 0          ; 0    ; 0            ; |qrs|dfho:B3                                                                                         ; dfho                ; work         ;
;    |dfl:A10|                              ; 0 (0)               ; 16 (16)                   ; 0                 ; 0          ; 0    ; 0            ; |qrs|dfl:A10                                                                                         ; dfl                 ; work         ;
;    |dfl:A11|                              ; 0 (0)               ; 16 (16)                   ; 0                 ; 0          ; 0    ; 0            ; |qrs|dfl:A11                                                                                         ; dfl                 ; work         ;
;    |dfl:A12|                              ; 0 (0)               ; 16 (16)                   ; 0                 ; 0          ; 0    ; 0            ; |qrs|dfl:A12                                                                                         ; dfl                 ; work         ;
;    |dfl:A1|                               ; 0 (0)               ; 16 (16)                   ; 0                 ; 0          ; 0    ; 0            ; |qrs|dfl:A1                                                                                          ; dfl                 ; work         ;
;    |dfl:A2|                               ; 0 (0)               ; 16 (16)                   ; 0                 ; 0          ; 0    ; 0            ; |qrs|dfl:A2                                                                                          ; dfl                 ; work         ;
;    |dfl:A3|                               ; 0 (0)               ; 16 (16)                   ; 0                 ; 0          ; 0    ; 0            ; |qrs|dfl:A3                                                                                          ; dfl                 ; work         ;
;    |dfl:A4|                               ; 0 (0)               ; 16 (16)                   ; 0                 ; 0          ; 0    ; 0            ; |qrs|dfl:A4                                                                                          ; dfl                 ; work         ;
;    |dfl:A5|                               ; 0 (0)               ; 16 (16)                   ; 0                 ; 0          ; 0    ; 0            ; |qrs|dfl:A5                                                                                          ; dfl                 ; work         ;
;    |dfl:A6|                               ; 0 (0)               ; 16 (16)                   ; 0                 ; 0          ; 0    ; 0            ; |qrs|dfl:A6                                                                                          ; dfl                 ; work         ;
;    |dfl:A7|                               ; 0 (0)               ; 16 (16)                   ; 0                 ; 0          ; 0    ; 0            ; |qrs|dfl:A7                                                                                          ; dfl                 ; work         ;
;    |dfl:A8|                               ; 0 (0)               ; 16 (16)                   ; 0                 ; 0          ; 0    ; 0            ; |qrs|dfl:A8                                                                                          ; dfl                 ; work         ;
;    |dfl:A9|                               ; 0 (0)               ; 16 (16)                   ; 0                 ; 0          ; 0    ; 0            ; |qrs|dfl:A9                                                                                          ; dfl                 ; work         ;
;    |dflo:B1|                              ; 0 (0)               ; 14 (14)                   ; 0                 ; 0          ; 0    ; 0            ; |qrs|dflo:B1                                                                                         ; dflo                ; work         ;
;    |dflo:B2|                              ; 0 (0)               ; 14 (14)                   ; 0                 ; 0          ; 0    ; 0            ; |qrs|dflo:B2                                                                                         ; dflo                ; work         ;
;    |lpm_divide:Div0|                      ; 97 (0)              ; 0 (0)                     ; 0                 ; 0          ; 0    ; 0            ; |qrs|lpm_divide:Div0                                                                                 ; lpm_divide          ; work         ;
;       |lpm_divide_kbm:auto_generated|     ; 97 (0)              ; 0 (0)                     ; 0                 ; 0          ; 0    ; 0            ; |qrs|lpm_divide:Div0|lpm_divide_kbm:auto_generated                                                   ; lpm_divide_kbm      ; work         ;
;          |sign_div_unsign_qlh:divider|    ; 97 (0)              ; 0 (0)                     ; 0                 ; 0          ; 0    ; 0            ; |qrs|lpm_divide:Div0|lpm_divide_kbm:auto_generated|sign_div_unsign_qlh:divider                       ; sign_div_unsign_qlh ; work         ;
;             |alt_u_div_qve:divider|       ; 97 (97)             ; 0 (0)                     ; 0                 ; 0          ; 0    ; 0            ; |qrs|lpm_divide:Div0|lpm_divide_kbm:auto_generated|sign_div_unsign_qlh:divider|alt_u_div_qve:divider ; alt_u_div_qve       ; work         ;
+-------------------------------------------+---------------------+---------------------------+-------------------+------------+------+--------------+------------------------------------------------------------------------------------------------------+---------------------+--------------+
Note: For table entries with two numbers listed, the numbers in parentheses indicate the number of resources of the given type used by the specific entity alone. The numbers listed outside of parentheses indicate the total resources of the given type used by the specific entity and all of its sub-entities in the hierarchy.


+----------------------------------------------------------------------------------------------------------------------------------------------------------------------------------------------------------+
; Analysis & Synthesis RAM Summary                                                                                                                                                                         ;
+------------------------------------------------------------------------------------------------------+------+------------------+--------------+--------------+--------------+--------------+------+------+
; Name                                                                                                 ; Type ; Mode             ; Port A Depth ; Port A Width ; Port B Depth ; Port B Width ; Size ; MIF  ;
+------------------------------------------------------------------------------------------------------+------+------------------+--------------+--------------+--------------+--------------+------+------+
; dfh:A16|altshift_taps:d15_rtl_0|shift_taps_e0v:auto_generated|altsyncram_ru91:altsyncram5|ALTSYNCRAM ; AUTO ; Simple Dual Port ; 31           ; 16           ; 31           ; 16           ; 496  ; None ;
+------------------------------------------------------------------------------------------------------+------+------------------+--------------+--------------+--------------+--------------+------+------+


+----------------------------------------------+
; Analysis & Synthesis DSP Block Usage Summary ;
+-------------------------------+--------------+
; Statistic                     ; Number Used  ;
+-------------------------------+--------------+
; Two Independent 18x18         ; 1            ;
; Total number of DSP blocks    ; 1            ;
;                               ;              ;
; Fixed Point Signed Multiplier ; 1            ;
+-------------------------------+--------------+


+---------------------------------------------------------------------------------+
; Registers Removed During Synthesis                                              ;
+----------------------------------------+----------------------------------------+
; Register name                          ; Reason for Removal                     ;
+----------------------------------------+----------------------------------------+
; j[1..31]                               ; Stuck at GND due to stuck port data_in ;
; i[1..31]                               ; Stuck at GND due to stuck port data_in ;
; dflo:B1|d13[13,14]                     ; Merged with dflo:B1|d13[15]            ;
; dflo:B2|d13[13,14]                     ; Merged with dflo:B2|d13[15]            ;
; j[0]                                   ; Merged with i[0]                       ;
; Total Number of Removed Registers = 67 ;                                        ;
+----------------------------------------+----------------------------------------+


+------------------------------------------------------+
; General Register Statistics                          ;
+----------------------------------------------+-------+
; Statistic                                    ; Value ;
+----------------------------------------------+-------+
; Total registers                              ; 391   ;
; Number of registers using Synchronous Clear  ; 21    ;
; Number of registers using Synchronous Load   ; 0     ;
; Number of registers using Asynchronous Clear ; 0     ;
; Number of registers using Asynchronous Load  ; 0     ;
; Number of registers using Clock Enable       ; 16    ;
; Number of registers using Preset             ; 0     ;
+----------------------------------------------+-------+


+-----------------------------------------------------+
; Registers Packed Into Inferred Megafunctions        ;
+--------------------+-------------------+------------+
; Register Name      ; Megafunction      ; Type       ;
+--------------------+-------------------+------------+
; dfh:A46|d15[0..15] ; dfh:A16|d15_rtl_0 ; SHIFT_TAPS ;
; dfh:A45|d15[0..15] ; dfh:A16|d15_rtl_0 ; SHIFT_TAPS ;
; dfh:A44|d15[0..15] ; dfh:A16|d15_rtl_0 ; SHIFT_TAPS ;
; dfh:A43|d15[0..15] ; dfh:A16|d15_rtl_0 ; SHIFT_TAPS ;
; dfh:A42|d15[0..15] ; dfh:A16|d15_rtl_0 ; SHIFT_TAPS ;
; dfh:A41|d15[0..15] ; dfh:A16|d15_rtl_0 ; SHIFT_TAPS ;
; dfh:A40|d15[0..15] ; dfh:A16|d15_rtl_0 ; SHIFT_TAPS ;
; dfh:A39|d15[0..15] ; dfh:A16|d15_rtl_0 ; SHIFT_TAPS ;
; dfh:A38|d15[0..15] ; dfh:A16|d15_rtl_0 ; SHIFT_TAPS ;
; dfh:A37|d15[0..15] ; dfh:A16|d15_rtl_0 ; SHIFT_TAPS ;
; dfh:A36|d15[0..15] ; dfh:A16|d15_rtl_0 ; SHIFT_TAPS ;
; dfh:A35|d15[0..15] ; dfh:A16|d15_rtl_0 ; SHIFT_TAPS ;
; dfh:A34|d15[0..15] ; dfh:A16|d15_rtl_0 ; SHIFT_TAPS ;
; dfh:A33|d15[0..15] ; dfh:A16|d15_rtl_0 ; SHIFT_TAPS ;
; dfh:A32|d15[0..15] ; dfh:A16|d15_rtl_0 ; SHIFT_TAPS ;
; dfh:A31|d15[0..15] ; dfh:A16|d15_rtl_0 ; SHIFT_TAPS ;
; dfh:A30|d15[0..15] ; dfh:A16|d15_rtl_0 ; SHIFT_TAPS ;
; dfh:A29|d15[0..15] ; dfh:A16|d15_rtl_0 ; SHIFT_TAPS ;
; dfh:A28|d15[0..15] ; dfh:A16|d15_rtl_0 ; SHIFT_TAPS ;
; dfh:A27|d15[0..15] ; dfh:A16|d15_rtl_0 ; SHIFT_TAPS ;
; dfh:A26|d15[0..15] ; dfh:A16|d15_rtl_0 ; SHIFT_TAPS ;
; dfh:A25|d15[0..15] ; dfh:A16|d15_rtl_0 ; SHIFT_TAPS ;
; dfh:A24|d15[0..15] ; dfh:A16|d15_rtl_0 ; SHIFT_TAPS ;
; dfh:A23|d15[0..15] ; dfh:A16|d15_rtl_0 ; SHIFT_TAPS ;
; dfh:A22|d15[0..15] ; dfh:A16|d15_rtl_0 ; SHIFT_TAPS ;
; dfh:A21|d15[0..15] ; dfh:A16|d15_rtl_0 ; SHIFT_TAPS ;
; dfh:A20|d15[0..15] ; dfh:A16|d15_rtl_0 ; SHIFT_TAPS ;
; dfh:A19|d15[0..15] ; dfh:A16|d15_rtl_0 ; SHIFT_TAPS ;
; dfh:A18|d15[0..15] ; dfh:A16|d15_rtl_0 ; SHIFT_TAPS ;
; dfh:A17|d15[0..15] ; dfh:A16|d15_rtl_0 ; SHIFT_TAPS ;
; dfh:A16|d15[0..15] ; dfh:A16|d15_rtl_0 ; SHIFT_TAPS ;
+--------------------+-------------------+------------+


+------------------------------------------------------------------------------------------------------------------+
; Source assignments for dfh:A16|altshift_taps:d15_rtl_0|shift_taps_e0v:auto_generated|altsyncram_ru91:altsyncram5 ;
+---------------------------------+--------------------+------+----------------------------------------------------+
; Assignment                      ; Value              ; From ; To                                                 ;
+---------------------------------+--------------------+------+----------------------------------------------------+
; OPTIMIZE_POWER_DURING_SYNTHESIS ; NORMAL_COMPILATION ; -    ; -                                                  ;
+---------------------------------+--------------------+------+----------------------------------------------------+


+----------------------------------------------------------------------------------+
; Parameter Settings for Inferred Entity Instance: dfh:A16|altshift_taps:d15_rtl_0 ;
+----------------+----------------+------------------------------------------------+
; Parameter Name ; Value          ; Type                                           ;
+----------------+----------------+------------------------------------------------+
; WIDTH_BYTEENA  ; 1              ; Untyped                                        ;
; NUMBER_OF_TAPS ; 1              ; Untyped                                        ;
; TAP_DISTANCE   ; 31             ; Untyped                                        ;
; WIDTH          ; 16             ; Untyped                                        ;
; POWER_UP_STATE ; DONT_CARE      ; Untyped                                        ;
; CBXI_PARAMETER ; shift_taps_e0v ; Untyped                                        ;
+----------------+----------------+------------------------------------------------+
Note: In order to hide this table in the UI and the text report file, please set the "Show Parameter Settings in Synthesis Report" option in "Analysis and Synthesis Settings -> More Settings" to "Off".


+------------------------------------------------------------------+
; Parameter Settings for Inferred Entity Instance: lpm_divide:Div0 ;
+------------------------+----------------+------------------------+
; Parameter Name         ; Value          ; Type                   ;
+------------------------+----------------+------------------------+
; LPM_WIDTHN             ; 18             ; Untyped                ;
; LPM_WIDTHD             ; 2              ; Untyped                ;
; LPM_NREPRESENTATION    ; UNSIGNED       ; Untyped                ;
; LPM_DREPRESENTATION    ; UNSIGNED       ; Untyped                ;
; LPM_PIPELINE           ; 0              ; Untyped                ;
; LPM_REMAINDERPOSITIVE  ; TRUE           ; Untyped                ;
; MAXIMIZE_SPEED         ; 5              ; Untyped                ;
; CBXI_PARAMETER         ; lpm_divide_kbm ; Untyped                ;
; CARRY_CHAIN            ; MANUAL         ; Untyped                ;
; OPTIMIZE_FOR_SPEED     ; 5              ; Untyped                ;
; AUTO_CARRY_CHAINS      ; ON             ; AUTO_CARRY             ;
; IGNORE_CARRY_BUFFERS   ; OFF            ; IGNORE_CARRY           ;
; AUTO_CASCADE_CHAINS    ; ON             ; AUTO_CASCADE           ;
; IGNORE_CASCADE_BUFFERS ; OFF            ; IGNORE_CASCADE         ;
+------------------------+----------------+------------------------+
Note: In order to hide this table in the UI and the text report file, please set the "Show Parameter Settings in Synthesis Report" option in "Analysis and Synthesis Settings -> More Settings" to "Off".


+--------------------------------------------------------------+
; altshift_taps Parameter Settings by Entity Instance          ;
+----------------------------+---------------------------------+
; Name                       ; Value                           ;
+----------------------------+---------------------------------+
; Number of entity instances ; 1                               ;
; Entity Instance            ; dfh:A16|altshift_taps:d15_rtl_0 ;
;     -- NUMBER_OF_TAPS      ; 1                               ;
;     -- TAP_DISTANCE        ; 31                              ;
;     -- WIDTH               ; 16                              ;
+----------------------------+---------------------------------+


+-----------------------------------------------------+
; Post-Synthesis Netlist Statistics for Top Partition ;
+-----------------------+-----------------------------+
; Type                  ; Count                       ;
+-----------------------+-----------------------------+
; arriav_ff             ; 391                         ;
;     ENA               ; 16                          ;
;     SCLR              ; 21                          ;
;     plain             ; 354                         ;
; arriav_lcell_comb     ; 309                         ;
;     arith             ; 129                         ;
;         0 data inputs ; 19                          ;
;         1 data inputs ; 27                          ;
;         2 data inputs ; 49                          ;
;         3 data inputs ; 19                          ;
;         4 data inputs ; 15                          ;
;     normal            ; 69                          ;
;         1 data inputs ; 35                          ;
;         2 data inputs ; 30                          ;
;         3 data inputs ; 1                           ;
;         5 data inputs ; 2                           ;
;         6 data inputs ; 1                           ;
;     shared            ; 111                         ;
;         0 data inputs ; 7                           ;
;         1 data inputs ; 4                           ;
;         2 data inputs ; 59                          ;
;         3 data inputs ; 41                          ;
; arriav_mac            ; 1                           ;
; boundary_port         ; 161                         ;
; stratixv_ram_block    ; 16                          ;
;                       ;                             ;
; Max LUT depth         ; 25.00                       ;
; Average LUT depth     ; 9.23                        ;
+-----------------------+-----------------------------+


+-------------------------------+
; Elapsed Time Per Partition    ;
+----------------+--------------+
; Partition Name ; Elapsed Time ;
+----------------+--------------+
; Top            ; 00:00:08     ;
+----------------+--------------+


+-------------------------------+
; Analysis & Synthesis Messages ;
+-------------------------------+
Info: *******************************************************************
Info: Running Quartus Prime Analysis & Synthesis
    Info: Version 17.1.0 Build 590 10/25/2017 SJ Lite Edition
    Info: Processing started: Sat Jun 30 19:12:45 2018
Info: Command: quartus_map --read_settings_files=on --write_settings_files=off qrs -c qrs
Warning (18236): Number of processors has not been specified which may cause overloading on shared machines.  Set the global assignment NUM_PARALLEL_PROCESSORS in your QSF to an appropriate value for best performance.
Info (20030): Parallel compilation is enabled and will use 4 of the 4 processors detected
Info (12021): Found 1 design units, including 1 entities, in source file dfl.v
    Info (12023): Found entity 1: dfl File: F:/Software/Quartus_code/qrs/dfl.v Line: 1
Info (12021): Found 1 design units, including 1 entities, in source file dflo.v
    Info (12023): Found entity 1: dflo File: F:/Software/Quartus_code/qrs/dflo.v Line: 1
Info (12021): Found 1 design units, including 1 entities, in source file dfh.v
    Info (12023): Found entity 1: dfh File: F:/Software/Quartus_code/qrs/dfh.v Line: 1
Info (12021): Found 1 design units, including 1 entities, in source file dfho.v
    Info (12023): Found entity 1: dfho File: F:/Software/Quartus_code/qrs/dfho.v Line: 1
Info (12021): Found 1 design units, including 1 entities, in source file dfd.v
    Info (12023): Found entity 1: dfd File: F:/Software/Quartus_code/qrs/dfd.v Line: 1
Info (12021): Found 1 design units, including 1 entities, in source file dfa.v
    Info (12023): Found entity 1: dfa File: F:/Software/Quartus_code/qrs/dfa.v Line: 1
Info (12021): Found 1 design units, including 1 entities, in source file qrs.v
    Info (12023): Found entity 1: qrs File: F:/Software/Quartus_code/qrs/qrs.v Line: 1
Warning (10236): Verilog HDL Implicit Net warning at qrs.v(58): created implicit net for "reset" File: F:/Software/Quartus_code/qrs/qrs.v Line: 58
Info (12127): Elaborating entity "qrs" for the top level hierarchy
Warning (10036): Verilog HDL or VHDL warning at qrs.v(17): object "data_wait" assigned a value but never read File: F:/Software/Quartus_code/qrs/qrs.v Line: 17
Warning (10230): Verilog HDL assignment warning at qrs.v(34): truncated value with size 24 to match size of target (16) File: F:/Software/Quartus_code/qrs/qrs.v Line: 34
Warning (10230): Verilog HDL assignment warning at qrs.v(71): truncated value with size 32 to match size of target (16) File: F:/Software/Quartus_code/qrs/qrs.v Line: 71
Warning (10230): Verilog HDL assignment warning at qrs.v(76): truncated value with size 32 to match size of target (16) File: F:/Software/Quartus_code/qrs/qrs.v Line: 76
Warning (10230): Verilog HDL assignment warning at qrs.v(131): truncated value with size 32 to match size of target (16) File: F:/Software/Quartus_code/qrs/qrs.v Line: 131
Warning (10230): Verilog HDL assignment warning at qrs.v(142): truncated value with size 32 to match size of target (16) File: F:/Software/Quartus_code/qrs/qrs.v Line: 142
Info (12128): Elaborating entity "dfl" for hierarchy "dfl:A1" File: F:/Software/Quartus_code/qrs/qrs.v Line: 58
Info (12128): Elaborating entity "dflo" for hierarchy "dflo:B1" File: F:/Software/Quartus_code/qrs/qrs.v Line: 73
Info (12128): Elaborating entity "dfh" for hierarchy "dfh:A15" File: F:/Software/Quartus_code/qrs/qrs.v Line: 80
Info (12128): Elaborating entity "dfho" for hierarchy "dfho:B3" File: F:/Software/Quartus_code/qrs/qrs.v Line: 119
Info (12128): Elaborating entity "dfd" for hierarchy "dfd:A47" File: F:/Software/Quartus_code/qrs/qrs.v Line: 126
Info (12128): Elaborating entity "dfa" for hierarchy "dfa:A51" File: F:/Software/Quartus_code/qrs/qrs.v Line: 139
Warning (12011): Net is missing source, defaulting to GND
    Warning (12110): Net "reset" is missing source, defaulting to GND File: F:/Software/Quartus_code/qrs/qrs.v Line: 58
Info (286030): Timing-Driven Synthesis is running
Info (19000): Inferred 1 megafunctions from design logic
    Info (276034): Inferred altshift_taps megafunction from the following design logic: "dfh:A16|d15_rtl_0"
        Info (286033): Parameter NUMBER_OF_TAPS set to 1
        Info (286033): Parameter TAP_DISTANCE set to 31
        Info (286033): Parameter WIDTH set to 16
        Info (286033): Parameter POWER_UP_STATE set to DONT_CARE
Info (278001): Inferred 1 megafunctions from design logic
    Info (278004): Inferred divider/modulo megafunction ("lpm_divide") from the following logic: "Div0" File: F:/Software/Quartus_code/qrs/qrs.v Line: 142
Info (12130): Elaborated megafunction instantiation "dfh:A16|altshift_taps:d15_rtl_0"
Info (12133): Instantiated megafunction "dfh:A16|altshift_taps:d15_rtl_0" with the following parameter:
    Info (12134): Parameter "NUMBER_OF_TAPS" = "1"
    Info (12134): Parameter "TAP_DISTANCE" = "31"
    Info (12134): Parameter "WIDTH" = "16"
    Info (12134): Parameter "POWER_UP_STATE" = "DONT_CARE"
Info (12021): Found 1 design units, including 1 entities, in source file db/shift_taps_e0v.tdf
    Info (12023): Found entity 1: shift_taps_e0v File: F:/Software/Quartus_code/qrs/db/shift_taps_e0v.tdf Line: 26
Info (12021): Found 1 design units, including 1 entities, in source file db/altsyncram_ru91.tdf
    Info (12023): Found entity 1: altsyncram_ru91 File: F:/Software/Quartus_code/qrs/db/altsyncram_ru91.tdf Line: 27
Info (12021): Found 1 design units, including 1 entities, in source file db/cntr_cjf.tdf
    Info (12023): Found entity 1: cntr_cjf File: F:/Software/Quartus_code/qrs/db/cntr_cjf.tdf Line: 27
Info (12021): Found 1 design units, including 1 entities, in source file db/cmpr_d9c.tdf
    Info (12023): Found entity 1: cmpr_d9c File: F:/Software/Quartus_code/qrs/db/cmpr_d9c.tdf Line: 22
Info (12130): Elaborated megafunction instantiation "lpm_divide:Div0" File: F:/Software/Quartus_code/qrs/qrs.v Line: 142
Info (12133): Instantiated megafunction "lpm_divide:Div0" with the following parameter: File: F:/Software/Quartus_code/qrs/qrs.v Line: 142
    Info (12134): Parameter "LPM_WIDTHN" = "18"
    Info (12134): Parameter "LPM_WIDTHD" = "2"
    Info (12134): Parameter "LPM_NREPRESENTATION" = "UNSIGNED"
    Info (12134): Parameter "LPM_DREPRESENTATION" = "UNSIGNED"
Info (12021): Found 1 design units, including 1 entities, in source file db/lpm_divide_kbm.tdf
    Info (12023): Found entity 1: lpm_divide_kbm File: F:/Software/Quartus_code/qrs/db/lpm_divide_kbm.tdf Line: 24
Info (12021): Found 1 design units, including 1 entities, in source file db/sign_div_unsign_qlh.tdf
    Info (12023): Found entity 1: sign_div_unsign_qlh File: F:/Software/Quartus_code/qrs/db/sign_div_unsign_qlh.tdf Line: 24
Info (12021): Found 1 design units, including 1 entities, in source file db/alt_u_div_qve.tdf
    Info (12023): Found entity 1: alt_u_div_qve File: F:/Software/Quartus_code/qrs/db/alt_u_div_qve.tdf Line: 22
Info (144001): Generated suppressed messages file F:/Software/Quartus_code/qrs/output_files/qrs.map.smsg
Info (16010): Generating hard_block partition "hard_block:auto_generated_inst"
    Info (16011): Adding 0 node(s), including 0 DDIO, 0 PLL, 0 transceiver and 0 LCELL
Info (21057): Implemented 835 device resources after synthesis - the final resource count might be different
    Info (21058): Implemented 17 input pins
    Info (21059): Implemented 144 output pins
    Info (21061): Implemented 657 logic cells
    Info (21064): Implemented 16 RAM segments
    Info (21062): Implemented 1 DSP elements
Info: Quartus Prime Analysis & Synthesis was successful. 0 errors, 10 warnings
    Info: Peak virtual memory: 774 megabytes
    Info: Processing ended: Sat Jun 30 19:13:18 2018
    Info: Elapsed time: 00:00:33
    Info: Total CPU time (on all processors): 00:00:29


+------------------------------------------+
; Analysis & Synthesis Suppressed Messages ;
+------------------------------------------+
The suppressed messages can be found in F:/Software/Quartus_code/qrs/output_files/qrs.map.smsg.


